# JRE version: OpenJDK Runtime Environment (8.0_242-b01) (build 1.8.0_242-release-1644-b01)
# Java VM: OpenJDK 64-Bit Server VM (25.242-b01 mixed mode windows-amd64 compressed oops)
Heap:
 PSYoungGen      total 593920K, used 397778K [0x00000000d5580000, 0x00000000fff00000, 0x0000000100000000)
  eden space 563200K, 70% used [0x00000000d5580000,0x00000000ed774bd8,0x00000000f7b80000)
  from space 30720K, 8% used [0x00000000f7b80000,0x00000000f7e00000,0x00000000f9980000)
  to   space 30208K, 0% used [0x00000000fe180000,0x00000000fe180000,0x00000000fff00000)
 ParOldGen       total 181760K, used 121733K [0x0000000080000000, 0x000000008b180000, 0x00000000d5580000)
  object space 181760K, 66% used [0x0000000080000000,0x00000000876e16f0,0x000000008b180000)
 Metaspace       used 105860K, capacity 111456K, committed 111960K, reserved 1148928K
  class space    used 13661K, capacity 14720K, committed 14976K, reserved 1048576K
GC Heap History (10 events):
Event: 6976.723 GC heap before
{Heap before GC invocations=35 (full 4):
 PSYoungGen      total 438272K, used 408432K [0x00000000d5580000, 0x00000000f2600000, 0x0000000100000000)
  eden space 404480K, 100% used [0x00000000d5580000,0x00000000ee080000,0x00000000ee080000)
  from space 33792K, 11% used [0x00000000f0180000,0x00000000f055c020,0x00000000f2280000)
  to   space 33792K, 0% used [0x00000000ee080000,0x00000000ee080000,0x00000000f0180000)
 ParOldGen       total 181760K, used 101530K [0x0000000080000000, 0x000000008b180000, 0x00000000d5580000)
  object space 181760K, 55% used [0x0000000080000000,0x0000000086326be0,0x000000008b180000)
 Metaspace       used 105466K, capacity 111064K, committed 111448K, reserved 1146880K
  class space    used 13654K, capacity 14714K, committed 14976K, reserved 1048576K
Event: 6976.758 GC heap after
Heap after GC invocations=35 (full 4):
 PSYoungGen      total 438272K, used 4870K [0x00000000d5580000, 0x00000000f7180000, 0x0000000100000000)
  eden space 404480K, 0% used [0x00000000d5580000,0x00000000d5580000,0x00000000ee080000)
  from space 33792K, 14% used [0x00000000ee080000,0x00000000ee5419e0,0x00000000f0180000)
  to   space 33280K, 0% used [0x00000000f5100000,0x00000000f5100000,0x00000000f7180000)
 ParOldGen       total 181760K, used 104451K [0x0000000080000000, 0x000000008b180000, 0x00000000d5580000)
  object space 181760K, 57% used [0x0000000080000000,0x0000000086600c00,0x000000008b180000)
 Metaspace       used 105466K, capacity 111064K, committed 111448K, reserved 1146880K
  class space    used 13654K, capacity 14714K, committed 14976K, reserved 1048576K
}
Event: 6978.826 GC heap before
{Heap before GC invocations=36 (full 4):
 PSYoungGen      total 438272K, used 409350K [0x00000000d5580000, 0x00000000f7180000, 0x0000000100000000)
  eden space 404480K, 100% used [0x00000000d5580000,0x00000000ee080000,0x00000000ee080000)
  from space 33792K, 14% used [0x00000000ee080000,0x00000000ee5419e0,0x00000000f0180000)
  to   space 33280K, 0% used [0x00000000f5100000,0x00000000f5100000,0x00000000f7180000)
 ParOldGen       total 181760K, used 104451K [0x0000000080000000, 0x000000008b180000, 0x00000000d5580000)
  object space 181760K, 57% used [0x0000000080000000,0x0000000086600c00,0x000000008b180000)
 Metaspace       used 105642K, capacity 111196K, committed 111704K, reserved 1146880K
  class space    used 13655K, capacity 14714K, committed 14976K, reserved 1048576K
Event: 6978.853 GC heap after
Heap after GC invocations=36 (full 4):
 PSYoungGen      total 512512K, used 7072K [0x00000000d5580000, 0x00000000f6c80000, 0x0000000100000000)
  eden space 484352K, 0% used [0x00000000d5580000,0x00000000d5580000,0x00000000f2e80000)
  from space 28160K, 25% used [0x00000000f5100000,0x00000000f57e80b8,0x00000000f6c80000)
  to   space 31744K, 0% used [0x00000000f2e80000,0x00000000f2e80000,0x00000000f4d80000)
 ParOldGen       total 181760K, used 107450K [0x0000000080000000, 0x000000008b180000, 0x00000000d5580000)
  object space 181760K, 59% used [0x0000000080000000,0x00000000868eeab0,0x000000008b180000)
 Metaspace       used 105642K, capacity 111196K, committed 111704K, reserved 1146880K
  class space    used 13655K, capacity 14714K, committed 14976K, reserved 1048576K
}
Event: 6981.295 GC heap before
{Heap before GC invocations=37 (full 4):
 PSYoungGen      total 512512K, used 491424K [0x00000000d5580000, 0x00000000f6c80000, 0x0000000100000000)
  eden space 484352K, 100% used [0x00000000d5580000,0x00000000f2e80000,0x00000000f2e80000)
  from space 28160K, 25% used [0x00000000f5100000,0x00000000f57e80b8,0x00000000f6c80000)
  to   space 31744K, 0% used [0x00000000f2e80000,0x00000000f2e80000,0x00000000f4d80000)
 ParOldGen       total 181760K, used 107450K [0x0000000080000000, 0x000000008b180000, 0x00000000d5580000)
  object space 181760K, 59% used [0x0000000080000000,0x00000000868eeab0,0x000000008b180000)
 Metaspace       used 105716K, capacity 111290K, committed 111704K, reserved 1146880K
  class space    used 13657K, capacity 14717K, committed 14976K, reserved 1048576K
Event: 6981.328 GC heap after
Heap after GC invocations=37 (full 4):
 PSYoungGen      total 516096K, used 4922K [0x00000000d5580000, 0x00000000fb800000, 0x0000000100000000)
  eden space 484352K, 0% used [0x00000000d5580000,0x00000000d5580000,0x00000000f2e80000)
  from space 31744K, 15% used [0x00000000f2e80000,0x00000000f334e940,0x00000000f4d80000)
  to   space 31232K, 0% used [0x00000000f9980000,0x00000000f9980000,0x00000000fb800000)
 ParOldGen       total 181760K, used 110514K [0x0000000080000000, 0x000000008b180000, 0x00000000d5580000)
  object space 181760K, 60% used [0x0000000080000000,0x0000000086bec908,0x000000008b180000)
 Metaspace       used 105716K, capacity 111290K, committed 111704K, reserved 1146880K
  class space    used 13657K, capacity 14717K, committed 14976K, reserved 1048576K
}
Event: 6983.511 GC heap before
{Heap before GC invocations=38 (full 4):
 PSYoungGen      total 516096K, used 489274K [0x00000000d5580000, 0x00000000fb800000, 0x0000000100000000)
  eden space 484352K, 100% used [0x00000000d5580000,0x00000000f2e80000,0x00000000f2e80000)
  from space 31744K, 15% used [0x00000000f2e80000,0x00000000f334e940,0x00000000f4d80000)
  to   space 31232K, 0% used [0x00000000f9980000,0x00000000f9980000,0x00000000fb800000)
 ParOldGen       total 181760K, used 110514K [0x0000000080000000, 0x000000008b180000, 0x00000000d5580000)
  object space 181760K, 60% used [0x0000000080000000,0x0000000086bec908,0x000000008b180000)
 Metaspace       used 105758K, capacity 111290K, committed 111704K, reserved 1146880K
  class space    used 13657K, capacity 14717K, committed 14976K, reserved 1048576K
Event: 6983.549 GC heap after
Heap after GC invocations=38 (full 4):
 PSYoungGen      total 593920K, used 15181K [0x00000000d5580000, 0x00000000fb780000, 0x0000000100000000)
  eden space 563200K, 0% used [0x00000000d5580000,0x00000000d5580000,0x00000000f7b80000)
  from space 30720K, 49% used [0x00000000f9980000,0x00000000fa853468,0x00000000fb780000)
  to   space 30720K, 0% used [0x00000000f7b80000,0x00000000f7b80000,0x00000000f9980000)
 ParOldGen       total 181760K, used 112473K [0x0000000080000000, 0x000000008b180000, 0x00000000d5580000)
  object space 181760K, 61% used [0x0000000080000000,0x0000000086dd6570,0x000000008b180000)
 Metaspace       used 105758K, capacity 111290K, committed 111704K, reserved 1146880K
  class space    used 13657K, capacity 14717K, committed 14976K, reserved 1048576K
}
Event: 6986.676 GC heap before
{Heap before GC invocations=39 (full 4):
 PSYoungGen      total 593920K, used 578381K [0x00000000d5580000, 0x00000000fb780000, 0x0000000100000000)
  eden space 563200K, 100% used [0x00000000d5580000,0x00000000f7b80000,0x00000000f7b80000)
  from space 30720K, 49% used [0x00000000f9980000,0x00000000fa853468,0x00000000fb780000)
  to   space 30720K, 0% used [0x00000000f7b80000,0x00000000f7b80000,0x00000000f9980000)
 ParOldGen       total 181760K, used 112473K [0x0000000080000000, 0x000000008b180000, 0x00000000d5580000)
  object space 181760K, 61% used [0x0000000080000000,0x0000000086dd6570,0x000000008b180000)
 Metaspace       used 105771K, capacity 111290K, committed 111704K, reserved 1146880K
  class space    used 13657K, capacity 14717K, committed 14976K, reserved 1048576K
Event: 6986.708 GC heap after
Heap after GC invocations=39 (full 4):
 PSYoungGen      total 593920K, used 2560K [0x00000000d5580000, 0x00000000fff00000, 0x0000000100000000)
  eden space 563200K, 0% used [0x00000000d5580000,0x00000000d5580000,0x00000000f7b80000)
  from space 30720K, 8% used [0x00000000f7b80000,0x00000000f7e00000,0x00000000f9980000)
  to   space 30208K, 0% used [0x00000000fe180000,0x00000000fe180000,0x00000000fff00000)
 ParOldGen       total 181760K, used 121733K [0x0000000080000000, 0x000000008b180000, 0x00000000d5580000)
  object space 181760K, 66% used [0x0000000080000000,0x00000000876e16f0,0x000000008b180000)
 Metaspace       used 105771K, capacity 111290K, committed 111704K, reserved 1146880K
  class space    used 13657K, capacity 14717K, committed 14976K, reserved 1048576K
}

