# JRE version: OpenJDK Runtime Environment (8.0_242-b01) (build 1.8.0_242-release-1644-b01)
# Java VM: OpenJDK 64-Bit Server VM (25.242-b01 mixed mode windows-amd64 compressed oops)
Heap:
 PSYoungGen      total 455168K, used 434548K [0x00000000d5580000, 0x00000000f3300000, 0x0000000100000000)
  eden space 421376K, 99% used [0x00000000d5580000,0x00000000ef082588,0x00000000ef100000)
  from space 33792K, 40% used [0x00000000ef100000,0x00000000efe5ad48,0x00000000f1200000)
  to   space 22528K, 0% used [0x00000000f1d00000,0x00000000f1d00000,0x00000000f3300000)
 ParOldGen       total 162816K, used 71240K [0x0000000080000000, 0x0000000089f00000, 0x00000000d5580000)
  object space 162816K, 43% used [0x0000000080000000,0x0000000084592278,0x0000000089f00000)
 Metaspace       used 78976K, capacity 83192K, committed 83224K, reserved 1120256K
  class space    used 10783K, capacity 11547K, committed 11568K, reserved 1048576K
GC Heap History (10 events):
Event: 29.331 GC heap before
{Heap before GC invocations=17 (full 3):
 PSYoungGen      total 284160K, used 284133K [0x00000000d5580000, 0x00000000eea80000, 0x0000000100000000)
  eden space 261632K, 100% used [0x00000000d5580000,0x00000000e5500000,0x00000000e5500000)
  from space 22528K, 99% used [0x00000000e5500000,0x00000000e6af97e0,0x00000000e6b00000)
  to   space 36352K, 0% used [0x00000000ec700000,0x00000000ec700000,0x00000000eea80000)
 ParOldGen       total 100352K, used 67149K [0x0000000080000000, 0x0000000086200000, 0x00000000d5580000)
  object space 100352K, 66% used [0x0000000080000000,0x0000000084193610,0x0000000086200000)
 Metaspace       used 77416K, capacity 81398K, committed 81560K, reserved 1120256K
  class space    used 10630K, capacity 11396K, committed 11440K, reserved 1048576K
Event: 29.368 GC heap after
Heap after GC invocations=17 (full 3):
 PSYoungGen      total 372224K, used 4003K [0x00000000d5580000, 0x00000000ee700000, 0x0000000100000000)
  eden space 339456K, 0% used [0x00000000d5580000,0x00000000d5580000,0x00000000ea100000)
  from space 32768K, 12% used [0x00000000ec700000,0x00000000ecae8fb0,0x00000000ee700000)
  to   space 35840K, 0% used [0x00000000ea100000,0x00000000ea100000,0x00000000ec400000)
 ParOldGen       total 100352K, used 87695K [0x0000000080000000, 0x0000000086200000, 0x00000000d5580000)
  object space 100352K, 87% used [0x0000000080000000,0x00000000855a3f28,0x0000000086200000)
 Metaspace       used 77416K, capacity 81398K, committed 81560K, reserved 1120256K
  class space    used 10630K, capacity 11396K, committed 11440K, reserved 1048576K
}
Event: 29.369 GC heap before
{Heap before GC invocations=18 (full 4):
 PSYoungGen      total 372224K, used 4003K [0x00000000d5580000, 0x00000000ee700000, 0x0000000100000000)
  eden space 339456K, 0% used [0x00000000d5580000,0x00000000d5580000,0x00000000ea100000)
  from space 32768K, 12% used [0x00000000ec700000,0x00000000ecae8fb0,0x00000000ee700000)
  to   space 35840K, 0% used [0x00000000ea100000,0x00000000ea100000,0x00000000ec400000)
 ParOldGen       total 100352K, used 87695K [0x0000000080000000, 0x0000000086200000, 0x00000000d5580000)
  object space 100352K, 87% used [0x0000000080000000,0x00000000855a3f28,0x0000000086200000)
 Metaspace       used 77416K, capacity 81398K, committed 81560K, reserved 1120256K
  class space    used 10630K, capacity 11396K, committed 11440K, reserved 1048576K
Event: 29.711 GC heap after
Heap after GC invocations=18 (full 4):
 PSYoungGen      total 372224K, used 0K [0x00000000d5580000, 0x00000000ee700000, 0x0000000100000000)
  eden space 339456K, 0% used [0x00000000d5580000,0x00000000d5580000,0x00000000ea100000)
  from space 32768K, 0% used [0x00000000ec700000,0x00000000ec700000,0x00000000ee700000)
  to   space 35840K, 0% used [0x00000000ea100000,0x00000000ea100000,0x00000000ec400000)
 ParOldGen       total 162816K, used 71216K [0x0000000080000000, 0x0000000089f00000, 0x00000000d5580000)
  object space 162816K, 43% used [0x0000000080000000,0x000000008458c278,0x0000000089f00000)
 Metaspace       used 77235K, capacity 80962K, committed 81560K, reserved 1120256K
  class space    used 10566K, capacity 11280K, committed 11440K, reserved 1048576K
}
Event: 31.972 GC heap before
{Heap before GC invocations=19 (full 4):
 PSYoungGen      total 372224K, used 339456K [0x00000000d5580000, 0x00000000ee700000, 0x0000000100000000)
  eden space 339456K, 100% used [0x00000000d5580000,0x00000000ea100000,0x00000000ea100000)
  from space 32768K, 0% used [0x00000000ec700000,0x00000000ec700000,0x00000000ee700000)
  to   space 35840K, 0% used [0x00000000ea100000,0x00000000ea100000,0x00000000ec400000)
 ParOldGen       total 162816K, used 71216K [0x0000000080000000, 0x0000000089f00000, 0x00000000d5580000)
  object space 162816K, 43% used [0x0000000080000000,0x000000008458c278,0x0000000089f00000)
 Metaspace       used 77428K, capacity 81232K, committed 81816K, reserved 1120256K
  class space    used 10590K, capacity 11333K, committed 11440K, reserved 1048576K
Event: 31.989 GC heap after
Heap after GC invocations=19 (full 4):
 PSYoungGen      total 375296K, used 4624K [0x00000000d5580000, 0x00000000f3f80000, 0x0000000100000000)
  eden space 339456K, 0% used [0x00000000d5580000,0x00000000d5580000,0x00000000ea100000)
  from space 35840K, 12% used [0x00000000ea100000,0x00000000ea5842f8,0x00000000ec400000)
  to   space 35328K, 0% used [0x00000000f1d00000,0x00000000f1d00000,0x00000000f3f80000)
 ParOldGen       total 162816K, used 71224K [0x0000000080000000, 0x0000000089f00000, 0x00000000d5580000)
  object space 162816K, 43% used [0x0000000080000000,0x000000008458e278,0x0000000089f00000)
 Metaspace       used 77428K, capacity 81232K, committed 81816K, reserved 1120256K
  class space    used 10590K, capacity 11333K, committed 11440K, reserved 1048576K
}
Event: 34.133 GC heap before
{Heap before GC invocations=20 (full 4):
 PSYoungGen      total 375296K, used 344080K [0x00000000d5580000, 0x00000000f3f80000, 0x0000000100000000)
  eden space 339456K, 100% used [0x00000000d5580000,0x00000000ea100000,0x00000000ea100000)
  from space 35840K, 12% used [0x00000000ea100000,0x00000000ea5842f8,0x00000000ec400000)
  to   space 35328K, 0% used [0x00000000f1d00000,0x00000000f1d00000,0x00000000f3f80000)
 ParOldGen       total 162816K, used 71224K [0x0000000080000000, 0x0000000089f00000, 0x00000000d5580000)
  object space 162816K, 43% used [0x0000000080000000,0x000000008458e278,0x0000000089f00000)
 Metaspace       used 77591K, capacity 81382K, committed 81816K, reserved 1120256K
  class space    used 10616K, capacity 11336K, committed 11440K, reserved 1048576K
Event: 34.151 GC heap after
Heap after GC invocations=20 (full 4):
 PSYoungGen      total 443904K, used 8437K [0x00000000d5580000, 0x00000000f3300000, 0x0000000100000000)
  eden space 421376K, 0% used [0x00000000d5580000,0x00000000d5580000,0x00000000ef100000)
  from space 22528K, 37% used [0x00000000f1d00000,0x00000000f253d6c8,0x00000000f3300000)
  to   space 33792K, 0% used [0x00000000ef100000,0x00000000ef100000,0x00000000f1200000)
 ParOldGen       total 162816K, used 71232K [0x0000000080000000, 0x0000000089f00000, 0x00000000d5580000)
  object space 162816K, 43% used [0x0000000080000000,0x0000000084590278,0x0000000089f00000)
 Metaspace       used 77591K, capacity 81382K, committed 81816K, reserved 1120256K
  class space    used 10616K, capacity 11336K, committed 11440K, reserved 1048576K
}
Event: 36.535 GC heap before
{Heap before GC invocations=21 (full 4):
 PSYoungGen      total 443904K, used 429813K [0x00000000d5580000, 0x00000000f3300000, 0x0000000100000000)
  eden space 421376K, 100% used [0x00000000d5580000,0x00000000ef100000,0x00000000ef100000)
  from space 22528K, 37% used [0x00000000f1d00000,0x00000000f253d6c8,0x00000000f3300000)
  to   space 33792K, 0% used [0x00000000ef100000,0x00000000ef100000,0x00000000f1200000)
 ParOldGen       total 162816K, used 71232K [0x0000000080000000, 0x0000000089f00000, 0x00000000d5580000)
  object space 162816K, 43% used [0x0000000080000000,0x0000000084590278,0x0000000089f00000)
 Metaspace       used 77750K, capacity 81578K, committed 82200K, reserved 1120256K
  class space    used 10639K, capacity 11380K, committed 11568K, reserved 1048576K
Event: 36.585 GC heap after
Heap after GC invocations=21 (full 4):
 PSYoungGen      total 455168K, used 13675K [0x00000000d5580000, 0x00000000f3300000, 0x0000000100000000)
  eden space 421376K, 0% used [0x00000000d5580000,0x00000000d5580000,0x00000000ef100000)
  from space 33792K, 40% used [0x00000000ef100000,0x00000000efe5ad48,0x00000000f1200000)
  to   space 22528K, 0% used [0x00000000f1d00000,0x00000000f1d00000,0x00000000f3300000)
 ParOldGen       total 162816K, used 71240K [0x0000000080000000, 0x0000000089f00000, 0x00000000d5580000)
  object space 162816K, 43% used [0x0000000080000000,0x0000000084592278,0x0000000089f00000)
 Metaspace       used 77750K, capacity 81578K, committed 82200K, reserved 1120256K
  class space    used 10639K, capacity 11380K, committed 11568K, reserved 1048576K
}

