# JRE version: OpenJDK Runtime Environment (8.0_242-b01) (build 1.8.0_242-release-1644-b01)
# Java VM: OpenJDK 64-Bit Server VM (25.242-b01 mixed mode windows-amd64 compressed oops)
Heap:
 PSYoungGen      total 320512K, used 121319K [0x00000000d5580000, 0x00000000eb900000, 0x0000000100000000)
  eden space 283648K, 41% used [0x00000000d5580000,0x00000000dc7c1658,0x00000000e6a80000)
  from space 36864K, 11% used [0x00000000e6a80000,0x00000000e6eb8868,0x00000000e8e80000)
  to   space 23552K, 0% used [0x00000000e8e80000,0x00000000e8e80000,0x00000000ea580000)
 ParOldGen       total 102400K, used 69409K [0x0000000080000000, 0x0000000086400000, 0x00000000d5580000)
  object space 102400K, 67% used [0x0000000080000000,0x00000000843c8518,0x0000000086400000)
 Metaspace       used 78738K, capacity 82930K, committed 83992K, reserved 1122304K
  class space    used 10794K, capacity 11538K, committed 11824K, reserved 1048576K
GC Heap History (10 events):
Event: 90.888 GC heap before
{Heap before GC invocations=17 (full 3):
 PSYoungGen      total 239104K, used 239083K [0x00000000d5580000, 0x00000000ea580000, 0x0000000100000000)
  eden space 219136K, 100% used [0x00000000d5580000,0x00000000e2b80000,0x00000000e2b80000)
  from space 19968K, 99% used [0x00000000e2b80000,0x00000000e3efac00,0x00000000e3f00000)
  to   space 23552K, 0% used [0x00000000e8e80000,0x00000000e8e80000,0x00000000ea580000)
 ParOldGen       total 102400K, used 30427K [0x0000000080000000, 0x0000000086400000, 0x00000000d5580000)
  object space 102400K, 29% used [0x0000000080000000,0x0000000081db6c80,0x0000000086400000)
 Metaspace       used 76191K, capacity 80666K, committed 80920K, reserved 1118208K
  class space    used 10653K, capacity 11510K, committed 11568K, reserved 1048576K
Event: 90.948 GC heap after
Heap after GC invocations=17 (full 3):
 PSYoungGen      total 307200K, used 23520K [0x00000000d5580000, 0x00000000eb900000, 0x0000000100000000)
  eden space 283648K, 0% used [0x00000000d5580000,0x00000000d5580000,0x00000000e6a80000)
  from space 23552K, 99% used [0x00000000e8e80000,0x00000000ea578198,0x00000000ea580000)
  to   space 36864K, 0% used [0x00000000e6a80000,0x00000000e6a80000,0x00000000e8e80000)
 ParOldGen       total 102400K, used 56217K [0x0000000080000000, 0x0000000086400000, 0x00000000d5580000)
  object space 102400K, 54% used [0x0000000080000000,0x00000000836e66e8,0x0000000086400000)
 Metaspace       used 76191K, capacity 80666K, committed 80920K, reserved 1118208K
  class space    used 10653K, capacity 11510K, committed 11568K, reserved 1048576K
}
Event: 94.845 GC heap before
{Heap before GC invocations=18 (full 3):
 PSYoungGen      total 307200K, used 307168K [0x00000000d5580000, 0x00000000eb900000, 0x0000000100000000)
  eden space 283648K, 100% used [0x00000000d5580000,0x00000000e6a80000,0x00000000e6a80000)
  from space 23552K, 99% used [0x00000000e8e80000,0x00000000ea578198,0x00000000ea580000)
  to   space 36864K, 0% used [0x00000000e6a80000,0x00000000e6a80000,0x00000000e8e80000)
 ParOldGen       total 102400K, used 56217K [0x0000000080000000, 0x0000000086400000, 0x00000000d5580000)
  object space 102400K, 54% used [0x0000000080000000,0x00000000836e66e8,0x0000000086400000)
 Metaspace       used 77849K, capacity 82426K, committed 82584K, reserved 1120256K
  class space    used 10759K, capacity 11606K, committed 11696K, reserved 1048576K
Event: 94.903 GC heap after
Heap after GC invocations=18 (full 3):
 PSYoungGen      total 320512K, used 4355K [0x00000000d5580000, 0x00000000eb900000, 0x0000000100000000)
  eden space 283648K, 0% used [0x00000000d5580000,0x00000000d5580000,0x00000000e6a80000)
  from space 36864K, 11% used [0x00000000e6a80000,0x00000000e6ec0fb0,0x00000000e8e80000)
  to   space 23552K, 0% used [0x00000000e8e80000,0x00000000e8e80000,0x00000000ea580000)
 ParOldGen       total 102400K, used 79172K [0x0000000080000000, 0x0000000086400000, 0x00000000d5580000)
  object space 102400K, 77% used [0x0000000080000000,0x0000000084d51098,0x0000000086400000)
 Metaspace       used 77849K, capacity 82426K, committed 82584K, reserved 1120256K
  class space    used 10759K, capacity 11606K, committed 11696K, reserved 1048576K
}
Event: 96.610 GC heap before
{Heap before GC invocations=19 (full 3):
 PSYoungGen      total 320512K, used 288003K [0x00000000d5580000, 0x00000000eb900000, 0x0000000100000000)
  eden space 283648K, 100% used [0x00000000d5580000,0x00000000e6a80000,0x00000000e6a80000)
  from space 36864K, 11% used [0x00000000e6a80000,0x00000000e6ec0fb0,0x00000000e8e80000)
  to   space 23552K, 0% used [0x00000000e8e80000,0x00000000e8e80000,0x00000000ea580000)
 ParOldGen       total 102400K, used 79172K [0x0000000080000000, 0x0000000086400000, 0x00000000d5580000)
  object space 102400K, 77% used [0x0000000080000000,0x0000000084d51098,0x0000000086400000)
 Metaspace       used 78160K, capacity 82764K, committed 82840K, reserved 1120256K
  class space    used 10800K, capacity 11661K, committed 11696K, reserved 1048576K
Event: 96.631 GC heap after
Heap after GC invocations=19 (full 3):
 PSYoungGen      total 307200K, used 3453K [0x00000000d5580000, 0x00000000eb900000, 0x0000000100000000)
  eden space 283648K, 0% used [0x00000000d5580000,0x00000000d5580000,0x00000000e6a80000)
  from space 23552K, 14% used [0x00000000e8e80000,0x00000000e91df680,0x00000000ea580000)
  to   space 36864K, 0% used [0x00000000e6a80000,0x00000000e6a80000,0x00000000e8e80000)
 ParOldGen       total 102400K, used 81704K [0x0000000080000000, 0x0000000086400000, 0x00000000d5580000)
  object space 102400K, 79% used [0x0000000080000000,0x0000000084fca100,0x0000000086400000)
 Metaspace       used 78160K, capacity 82764K, committed 82840K, reserved 1120256K
  class space    used 10800K, capacity 11661K, committed 11696K, reserved 1048576K
}
Event: 96.631 GC heap before
{Heap before GC invocations=20 (full 4):
 PSYoungGen      total 307200K, used 3453K [0x00000000d5580000, 0x00000000eb900000, 0x0000000100000000)
  eden space 283648K, 0% used [0x00000000d5580000,0x00000000d5580000,0x00000000e6a80000)
  from space 23552K, 14% used [0x00000000e8e80000,0x00000000e91df680,0x00000000ea580000)
  to   space 36864K, 0% used [0x00000000e6a80000,0x00000000e6a80000,0x00000000e8e80000)
 ParOldGen       total 102400K, used 81704K [0x0000000080000000, 0x0000000086400000, 0x00000000d5580000)
  object space 102400K, 79% used [0x0000000080000000,0x0000000084fca100,0x0000000086400000)
 Metaspace       used 78160K, capacity 82764K, committed 82840K, reserved 1120256K
  class space    used 10800K, capacity 11661K, committed 11696K, reserved 1048576K
Event: 96.981 GC heap after
Heap after GC invocations=20 (full 4):
 PSYoungGen      total 307200K, used 0K [0x00000000d5580000, 0x00000000eb900000, 0x0000000100000000)
  eden space 283648K, 0% used [0x00000000d5580000,0x00000000d5580000,0x00000000e6a80000)
  from space 23552K, 0% used [0x00000000e8e80000,0x00000000e8e80000,0x00000000ea580000)
  to   space 36864K, 0% used [0x00000000e6a80000,0x00000000e6a80000,0x00000000e8e80000)
 ParOldGen       total 102400K, used 69401K [0x0000000080000000, 0x0000000086400000, 0x00000000d5580000)
  object space 102400K, 67% used [0x0000000080000000,0x00000000843c6518,0x0000000086400000)
 Metaspace       used 77652K, capacity 81476K, committed 82840K, reserved 1120256K
  class space    used 10622K, capacity 11345K, committed 11696K, reserved 1048576K
}
Event: 101.722 GC heap before
{Heap before GC invocations=21 (full 4):
 PSYoungGen      total 307200K, used 283648K [0x00000000d5580000, 0x00000000eb900000, 0x0000000100000000)
  eden space 283648K, 100% used [0x00000000d5580000,0x00000000e6a80000,0x00000000e6a80000)
  from space 23552K, 0% used [0x00000000e8e80000,0x00000000e8e80000,0x00000000ea580000)
  to   space 36864K, 0% used [0x00000000e6a80000,0x00000000e6a80000,0x00000000e8e80000)
 ParOldGen       total 102400K, used 69401K [0x0000000080000000, 0x0000000086400000, 0x00000000d5580000)
  object space 102400K, 67% used [0x0000000080000000,0x00000000843c6518,0x0000000086400000)
 Metaspace       used 78655K, capacity 82836K, committed 83736K, reserved 1122304K
  class space    used 10785K, capacity 11535K, committed 11824K, reserved 1048576K
Event: 101.741 GC heap after
Heap after GC invocations=21 (full 4):
 PSYoungGen      total 320512K, used 4322K [0x00000000d5580000, 0x00000000eb900000, 0x0000000100000000)
  eden space 283648K, 0% used [0x00000000d5580000,0x00000000d5580000,0x00000000e6a80000)
  from space 36864K, 11% used [0x00000000e6a80000,0x00000000e6eb8868,0x00000000e8e80000)
  to   space 23552K, 0% used [0x00000000e8e80000,0x00000000e8e80000,0x00000000ea580000)
 ParOldGen       total 102400K, used 69409K [0x0000000080000000, 0x0000000086400000, 0x00000000d5580000)
  object space 102400K, 67% used [0x0000000080000000,0x00000000843c8518,0x0000000086400000)
 Metaspace       used 78655K, capacity 82836K, committed 83736K, reserved 1122304K
  class space    used 10785K, capacity 11535K, committed 11824K, reserved 1048576K
}

