# JRE version: OpenJDK Runtime Environment (8.0_242-b01) (build 1.8.0_242-release-1644-b01)
# Java VM: OpenJDK 64-Bit Server VM (25.242-b01 mixed mode windows-amd64 compressed oops)
Heap:
 PSYoungGen      total 38400K, used 7558K [0x00000000d5580000, 0x00000000d9500000, 0x0000000100000000)
  eden space 27648K, 18% used [0x00000000d5580000,0x00000000d5a926b0,0x00000000d7080000)
  from space 10752K, 21% used [0x00000000d7080000,0x00000000d72cf258,0x00000000d7b00000)
  to   space 11264K, 0% used [0x00000000d8a00000,0x00000000d8a00000,0x00000000d9500000)
 ParOldGen       total 63488K, used 11198K [0x0000000080000000, 0x0000000083e00000, 0x00000000d5580000)
  object space 63488K, 17% used [0x0000000080000000,0x0000000080aef8f8,0x0000000083e00000)
 Metaspace       used 22769K, capacity 23588K, committed 23680K, reserved 1069056K
  class space    used 3227K, capacity 3440K, committed 3456K, reserved 1048576K
GC Heap History (10 events):
Event: 17.218 GC heap before
{Heap before GC invocations=4 (full 0):
 PSYoungGen      total 38400K, used 38384K [0x00000000d5580000, 0x00000000d8000000, 0x0000000100000000)
  eden space 33280K, 100% used [0x00000000d5580000,0x00000000d7600000,0x00000000d7600000)
  from space 5120K, 99% used [0x00000000d7600000,0x00000000d7afc010,0x00000000d7b00000)
  to   space 5120K, 0% used [0x00000000d7b00000,0x00000000d7b00000,0x00000000d8000000)
 ParOldGen       total 87552K, used 1056K [0x0000000080000000, 0x0000000085580000, 0x00000000d5580000)
  object space 87552K, 1% used [0x0000000080000000,0x0000000080108298,0x0000000085580000)
 Metaspace       used 15334K, capacity 15842K, committed 16128K, reserved 1062912K
  class space    used 2018K, capacity 2189K, committed 2304K, reserved 1048576K
Event: 17.331 GC heap after
Heap after GC invocations=4 (full 0):
 PSYoungGen      total 38400K, used 5088K [0x00000000d5580000, 0x00000000d8000000, 0x0000000100000000)
  eden space 33280K, 0% used [0x00000000d5580000,0x00000000d5580000,0x00000000d7600000)
  from space 5120K, 99% used [0x00000000d7b00000,0x00000000d7ff8040,0x00000000d8000000)
  to   space 5120K, 0% used [0x00000000d7600000,0x00000000d7600000,0x00000000d7b00000)
 ParOldGen       total 87552K, used 3336K [0x0000000080000000, 0x0000000085580000, 0x00000000d5580000)
  object space 87552K, 3% used [0x0000000080000000,0x0000000080342300,0x0000000085580000)
 Metaspace       used 15334K, capacity 15842K, committed 16128K, reserved 1062912K
  class space    used 2018K, capacity 2189K, committed 2304K, reserved 1048576K
}
Event: 20.218 GC heap before
{Heap before GC invocations=5 (full 0):
 PSYoungGen      total 38400K, used 38368K [0x00000000d5580000, 0x00000000d8000000, 0x0000000100000000)
  eden space 33280K, 100% used [0x00000000d5580000,0x00000000d7600000,0x00000000d7600000)
  from space 5120K, 99% used [0x00000000d7b00000,0x00000000d7ff8040,0x00000000d8000000)
  to   space 5120K, 0% used [0x00000000d7600000,0x00000000d7600000,0x00000000d7b00000)
 ParOldGen       total 87552K, used 3336K [0x0000000080000000, 0x0000000085580000, 0x00000000d5580000)
  object space 87552K, 3% used [0x0000000080000000,0x0000000080342300,0x0000000085580000)
 Metaspace       used 17834K, capacity 18448K, committed 18560K, reserved 1064960K
  class space    used 2438K, capacity 2632K, committed 2688K, reserved 1048576K
Event: 20.255 GC heap after
Heap after GC invocations=5 (full 0):
 PSYoungGen      total 38400K, used 5104K [0x00000000d5580000, 0x00000000d8000000, 0x0000000100000000)
  eden space 33280K, 0% used [0x00000000d5580000,0x00000000d5580000,0x00000000d7600000)
  from space 5120K, 99% used [0x00000000d7600000,0x00000000d7afc050,0x00000000d7b00000)
  to   space 5120K, 0% used [0x00000000d7b00000,0x00000000d7b00000,0x00000000d8000000)
 ParOldGen       total 87552K, used 6433K [0x0000000080000000, 0x0000000085580000, 0x00000000d5580000)
  object space 87552K, 7% used [0x0000000080000000,0x00000000806484f8,0x0000000085580000)
 Metaspace       used 17834K, capacity 18448K, committed 18560K, reserved 1064960K
  class space    used 2438K, capacity 2632K, committed 2688K, reserved 1048576K
}
Event: 25.518 GC heap before
{Heap before GC invocations=6 (full 0):
 PSYoungGen      total 38400K, used 37391K [0x00000000d5580000, 0x00000000d8000000, 0x0000000100000000)
  eden space 33280K, 97% used [0x00000000d5580000,0x00000000d7507db8,0x00000000d7600000)
  from space 5120K, 99% used [0x00000000d7600000,0x00000000d7afc050,0x00000000d7b00000)
  to   space 5120K, 0% used [0x00000000d7b00000,0x00000000d7b00000,0x00000000d8000000)
 ParOldGen       total 87552K, used 6433K [0x0000000080000000, 0x0000000085580000, 0x00000000d5580000)
  object space 87552K, 7% used [0x0000000080000000,0x00000000806484f8,0x0000000085580000)
 Metaspace       used 20574K, capacity 21204K, committed 21248K, reserved 1067008K
  class space    used 2869K, capacity 3048K, committed 3072K, reserved 1048576K
Event: 25.542 GC heap after
Heap after GC invocations=6 (full 0):
 PSYoungGen      total 32768K, used 5092K [0x00000000d5580000, 0x00000000d8a80000, 0x0000000100000000)
  eden space 27648K, 0% used [0x00000000d5580000,0x00000000d5580000,0x00000000d7080000)
  from space 5120K, 99% used [0x00000000d7b00000,0x00000000d7ff9070,0x00000000d8000000)
  to   space 10752K, 0% used [0x00000000d7080000,0x00000000d7080000,0x00000000d7b00000)
 ParOldGen       total 87552K, used 9770K [0x0000000080000000, 0x0000000085580000, 0x00000000d5580000)
  object space 87552K, 11% used [0x0000000080000000,0x000000008098ab60,0x0000000085580000)
 Metaspace       used 20574K, capacity 21204K, committed 21248K, reserved 1067008K
  class space    used 2869K, capacity 3048K, committed 3072K, reserved 1048576K
}
Event: 25.542 GC heap before
{Heap before GC invocations=7 (full 1):
 PSYoungGen      total 32768K, used 5092K [0x00000000d5580000, 0x00000000d8a80000, 0x0000000100000000)
  eden space 27648K, 0% used [0x00000000d5580000,0x00000000d5580000,0x00000000d7080000)
  from space 5120K, 99% used [0x00000000d7b00000,0x00000000d7ff9070,0x00000000d8000000)
  to   space 10752K, 0% used [0x00000000d7080000,0x00000000d7080000,0x00000000d7b00000)
 ParOldGen       total 87552K, used 9770K [0x0000000080000000, 0x0000000085580000, 0x00000000d5580000)
  object space 87552K, 11% used [0x0000000080000000,0x000000008098ab60,0x0000000085580000)
 Metaspace       used 20574K, capacity 21204K, committed 21248K, reserved 1067008K
  class space    used 2869K, capacity 3048K, committed 3072K, reserved 1048576K
Event: 25.727 GC heap after
Heap after GC invocations=7 (full 1):
 PSYoungGen      total 32768K, used 0K [0x00000000d5580000, 0x00000000d8a80000, 0x0000000100000000)
  eden space 27648K, 0% used [0x00000000d5580000,0x00000000d5580000,0x00000000d7080000)
  from space 5120K, 0% used [0x00000000d7b00000,0x00000000d7b00000,0x00000000d8000000)
  to   space 10752K, 0% used [0x00000000d7080000,0x00000000d7080000,0x00000000d7b00000)
 ParOldGen       total 63488K, used 11190K [0x0000000080000000, 0x0000000083e00000, 0x00000000d5580000)
  object space 63488K, 17% used [0x0000000080000000,0x0000000080aed8f8,0x0000000083e00000)
 Metaspace       used 20574K, capacity 21204K, committed 21248K, reserved 1067008K
  class space    used 2869K, capacity 3048K, committed 3072K, reserved 1048576K
}
Event: 28.562 GC heap before
{Heap before GC invocations=8 (full 1):
 PSYoungGen      total 32768K, used 27648K [0x00000000d5580000, 0x00000000d8a80000, 0x0000000100000000)
  eden space 27648K, 100% used [0x00000000d5580000,0x00000000d7080000,0x00000000d7080000)
  from space 5120K, 0% used [0x00000000d7b00000,0x00000000d7b00000,0x00000000d8000000)
  to   space 10752K, 0% used [0x00000000d7080000,0x00000000d7080000,0x00000000d7b00000)
 ParOldGen       total 63488K, used 11190K [0x0000000080000000, 0x0000000083e00000, 0x00000000d5580000)
  object space 63488K, 17% used [0x0000000080000000,0x0000000080aed8f8,0x0000000083e00000)
 Metaspace       used 22286K, capacity 23034K, committed 23168K, reserved 1069056K
  class space    used 3145K, capacity 3341K, committed 3456K, reserved 1048576K
Event: 28.568 GC heap after
Heap after GC invocations=8 (full 1):
 PSYoungGen      total 38400K, used 2364K [0x00000000d5580000, 0x00000000d9500000, 0x0000000100000000)
  eden space 27648K, 0% used [0x00000000d5580000,0x00000000d5580000,0x00000000d7080000)
  from space 10752K, 21% used [0x00000000d7080000,0x00000000d72cf258,0x00000000d7b00000)
  to   space 11264K, 0% used [0x00000000d8a00000,0x00000000d8a00000,0x00000000d9500000)
 ParOldGen       total 63488K, used 11198K [0x0000000080000000, 0x0000000083e00000, 0x00000000d5580000)
  object space 63488K, 17% used [0x0000000080000000,0x0000000080aef8f8,0x0000000083e00000)
 Metaspace       used 22286K, capacity 23034K, committed 23168K, reserved 1069056K
  class space    used 3145K, capacity 3341K, committed 3456K, reserved 1048576K
}

